# JRE version: OpenJDK Runtime Environment (17.0.9) (build 17.0.9+0--11185874)
# Java VM: OpenJDK 64-Bit Server VM (17.0.9+0--11185874, mixed mode, tiered, compressed oops, compressed class ptrs, g1 gc, windows-amd64)
GC Precious Log:
 CPUs: 8 total, 8 available
 Memory: 15805M
 Large Page Support: Disabled
 NUMA Support: Disabled
 Compressed Oops: Enabled (32-bit)
 Heap Region Size: 1M
 Heap Min Capacity: 8M
 Heap Initial Capacity: 248M
 Heap Max Capacity: 2G
 Pre-touch: Disabled
 Parallel Workers: 8
 Concurrent Workers: 2
 Concurrent Refinement Workers: 8
 Periodic GC: Disabled
Heap:
 garbage-first heap   total 75776K, used 51499K [0x0000000080000000, 0x0000000100000000)
  region size 1024K, 3 young (3072K), 1 survivors (1024K)
 Metaspace       used 63220K, committed 63744K, reserved 1114112K
  class space    used 8618K, committed 8832K, reserved 1048576K
GC Heap History (20 events):
Event: 29.056 GC heap before
{Heap before GC invocations=10 (full 0):
 garbage-first heap   total 71680K, used 55034K [0x0000000080000000, 0x0000000100000000)
  region size 1024K, 30 young (30720K), 4 survivors (4096K)
 Metaspace       used 41945K, committed 42368K, reserved 1114112K
  class space    used 5582K, committed 5760K, reserved 1048576K
}
Event: 29.060 GC heap after
{Heap after GC invocations=11 (full 0):
 garbage-first heap   total 71680K, used 30469K [0x0000000080000000, 0x0000000100000000)
  region size 1024K, 2 young (2048K), 2 survivors (2048K)
 Metaspace       used 41945K, committed 42368K, reserved 1114112K
  class space    used 5582K, committed 5760K, reserved 1048576K
}
Event: 29.763 GC heap before
{Heap before GC invocations=11 (full 0):
 garbage-first heap   total 71680K, used 57093K [0x0000000080000000, 0x0000000100000000)
  region size 1024K, 27 young (27648K), 2 survivors (2048K)
 Metaspace       used 45102K, committed 45504K, reserved 1114112K
  class space    used 5998K, committed 6144K, reserved 1048576K
}
Event: 29.765 GC heap after
{Heap after GC invocations=12 (full 0):
 garbage-first heap   total 71680K, used 31838K [0x0000000080000000, 0x0000000100000000)
  region size 1024K, 4 young (4096K), 4 survivors (4096K)
 Metaspace       used 45102K, committed 45504K, reserved 1114112K
  class space    used 5998K, committed 6144K, reserved 1048576K
}
Event: 30.387 GC heap before
{Heap before GC invocations=12 (full 0):
 garbage-first heap   total 71680K, used 55390K [0x0000000080000000, 0x0000000100000000)
  region size 1024K, 27 young (27648K), 4 survivors (4096K)
 Metaspace       used 47745K, committed 48192K, reserved 1114112K
  class space    used 6431K, committed 6656K, reserved 1048576K
}
Event: 30.391 GC heap after
{Heap after GC invocations=13 (full 0):
 garbage-first heap   total 71680K, used 33057K [0x0000000080000000, 0x0000000100000000)
  region size 1024K, 3 young (3072K), 3 survivors (3072K)
 Metaspace       used 47745K, committed 48192K, reserved 1114112K
  class space    used 6431K, committed 6656K, reserved 1048576K
}
Event: 30.982 GC heap before
{Heap before GC invocations=13 (full 0):
 garbage-first heap   total 71680K, used 56609K [0x0000000080000000, 0x0000000100000000)
  region size 1024K, 26 young (26624K), 3 survivors (3072K)
 Metaspace       used 50853K, committed 51328K, reserved 1114112K
  class space    used 6921K, committed 7104K, reserved 1048576K
}
Event: 30.985 GC heap after
{Heap after GC invocations=14 (full 0):
 garbage-first heap   total 71680K, used 34297K [0x0000000080000000, 0x0000000100000000)
  region size 1024K, 3 young (3072K), 3 survivors (3072K)
 Metaspace       used 50853K, committed 51328K, reserved 1114112K
  class space    used 6921K, committed 7104K, reserved 1048576K
}
Event: 31.622 GC heap before
{Heap before GC invocations=14 (full 0):
 garbage-first heap   total 71680K, used 56825K [0x0000000080000000, 0x0000000100000000)
  region size 1024K, 26 young (26624K), 3 survivors (3072K)
 Metaspace       used 53548K, committed 54016K, reserved 1114112K
  class space    used 7359K, committed 7552K, reserved 1048576K
}
Event: 31.627 GC heap after
{Heap after GC invocations=15 (full 0):
 garbage-first heap   total 71680K, used 35559K [0x0000000080000000, 0x0000000100000000)
  region size 1024K, 3 young (3072K), 3 survivors (3072K)
 Metaspace       used 53548K, committed 54016K, reserved 1114112K
  class space    used 7359K, committed 7552K, reserved 1048576K
}
Event: 32.263 GC heap before
{Heap before GC invocations=16 (full 0):
 garbage-first heap   total 71680K, used 58087K [0x0000000080000000, 0x0000000100000000)
  region size 1024K, 25 young (25600K), 3 survivors (3072K)
 Metaspace       used 58092K, committed 58624K, reserved 1114112K
  class space    used 7939K, committed 8192K, reserved 1048576K
}
Event: 32.267 GC heap after
{Heap after GC invocations=17 (full 0):
 garbage-first heap   total 71680K, used 38117K [0x0000000080000000, 0x0000000100000000)
  region size 1024K, 4 young (4096K), 4 survivors (4096K)
 Metaspace       used 58092K, committed 58624K, reserved 1114112K
  class space    used 7939K, committed 8192K, reserved 1048576K
}
Event: 33.015 GC heap before
{Heap before GC invocations=17 (full 0):
 garbage-first heap   total 71680K, used 56549K [0x0000000080000000, 0x0000000100000000)
  region size 1024K, 23 young (23552K), 4 survivors (4096K)
 Metaspace       used 61702K, committed 62208K, reserved 1114112K
  class space    used 8418K, committed 8640K, reserved 1048576K
}
Event: 33.020 GC heap after
{Heap after GC invocations=18 (full 0):
 garbage-first heap   total 71680K, used 40117K [0x0000000080000000, 0x0000000100000000)
  region size 1024K, 3 young (3072K), 3 survivors (3072K)
 Metaspace       used 61702K, committed 62208K, reserved 1114112K
  class space    used 8418K, committed 8640K, reserved 1048576K
}
Event: 33.545 GC heap before
{Heap before GC invocations=19 (full 0):
 garbage-first heap   total 71680K, used 56501K [0x0000000080000000, 0x0000000100000000)
  region size 1024K, 20 young (20480K), 3 survivors (3072K)
 Metaspace       used 62226K, committed 62784K, reserved 1114112K
  class space    used 8469K, committed 8704K, reserved 1048576K
}
Event: 33.548 GC heap after
{Heap after GC invocations=20 (full 0):
 garbage-first heap   total 71680K, used 41777K [0x0000000080000000, 0x0000000100000000)
  region size 1024K, 2 young (2048K), 2 survivors (2048K)
 Metaspace       used 62226K, committed 62784K, reserved 1114112K
  class space    used 8469K, committed 8704K, reserved 1048576K
}
Event: 33.561 GC heap before
{Heap before GC invocations=20 (full 0):
 garbage-first heap   total 71680K, used 42801K [0x0000000080000000, 0x0000000100000000)
  region size 1024K, 3 young (3072K), 2 survivors (2048K)
 Metaspace       used 62288K, committed 62784K, reserved 1114112K
  class space    used 8477K, committed 8704K, reserved 1048576K
}
Event: 33.567 GC heap after
{Heap after GC invocations=21 (full 0):
 garbage-first heap   total 71680K, used 42229K [0x0000000080000000, 0x0000000100000000)
  region size 1024K, 1 young (1024K), 1 survivors (1024K)
 Metaspace       used 62288K, committed 62784K, reserved 1114112K
  class space    used 8477K, committed 8704K, reserved 1048576K
}
Event: 33.687 GC heap before
{Heap before GC invocations=21 (full 0):
 garbage-first heap   total 71680K, used 45301K [0x0000000080000000, 0x0000000100000000)
  region size 1024K, 5 young (5120K), 1 survivors (1024K)
 Metaspace       used 62342K, committed 62848K, reserved 1114112K
  class space    used 8480K, committed 8704K, reserved 1048576K
}
Event: 33.688 GC heap after
{Heap after GC invocations=22 (full 0):
 garbage-first heap   total 71680K, used 42246K [0x0000000080000000, 0x0000000100000000)
  region size 1024K, 1 young (1024K), 1 survivors (1024K)
 Metaspace       used 62342K, committed 62848K, reserved 1114112K
  class space    used 8480K, committed 8704K, reserved 1048576K
}

